#
# There is insufficient memory for the Java Runtime Environment to continue.
# Native memory allocation (malloc) failed to allocate 628176 bytes for Chunk::new
# Possible reasons:
#   The system is out of physical RAM or swap space
#   In 32 bit mode, the process size limit was hit
# Possible solutions:
#   Reduce memory load on the system
#   Increase physical memory or swap space
#   Check if swap backing store is full
#   Use 64 bit Java on a 64 bit OS
#   Decrease Java heap size (-Xmx/-Xms)
#   Decrease number of Java threads
#   Decrease Java thread stack sizes (-Xss)
#   Set larger code cache with -XX:ReservedCodeCacheSize=
# This output file may be truncated or incomplete.
#
#  Out of Memory Error (allocation.cpp:390), pid=11756, tid=0x0000000000002bc8
#
# JRE version: OpenJDK Runtime Environment (8.0_76-b03) (build 1.8.0_76-release-b03)
# Java VM: OpenJDK 64-Bit Server VM (25.76-b03 mixed mode windows-amd64 compressed oops)
# Failed to write core dump. Minidumps are not enabled by default on client versions of Windows
#

---------------  T H R E A D  ---------------

Current thread (0x0000000014e2a000):  JavaThread "C2 CompilerThread0" daemon [_thread_in_native, id=11208, stack(0x0000000016470000,0x0000000016570000)]

Stack: [0x0000000016470000,0x0000000016570000]
[error occurred during error reporting (printing stack bounds), id 0xc0000005]

Native frames: (J=compiled Java code, j=interpreted, Vv=VM code, C=native code)


Current CompileTask:
C2:   4351 1469   !   4       com.android.dx.cf.code.BytecodeArray::parseInstruction (2764 bytes)


---------------  P R O C E S S  ---------------

Java Threads: ( => current thread )
  0x0000000016ac1000 JavaThread "pool-2-thread-4" [_thread_in_Java, id=11456, stack(0x0000000017170000,0x0000000017270000)]
  0x0000000016aaf000 JavaThread "pool-2-thread-3" [_thread_in_Java, id=12300, stack(0x0000000017070000,0x0000000017170000)]
  0x0000000016aab000 JavaThread "pool-2-thread-2" [_thread_in_Java, id=5584, stack(0x0000000016f70000,0x0000000017070000)]
  0x0000000016a86800 JavaThread "pool-3-thread-1" [_thread_blocked, id=412, stack(0x0000000016e70000,0x0000000016f70000)]
  0x0000000016a78800 JavaThread "pool-2-thread-1" [_thread_in_Java, id=5168, stack(0x0000000016d70000,0x0000000016e70000)]
  0x0000000016770800 JavaThread "Service Thread" daemon [_thread_blocked, id=12852, stack(0x0000000016b70000,0x0000000016c70000)]
  0x0000000014e8c000 JavaThread "C1 CompilerThread2" daemon [_thread_in_vm, id=13024, stack(0x0000000016670000,0x0000000016770000)]
  0x0000000014e86800 JavaThread "C2 CompilerThread1" daemon [_thread_in_native, id=3112, stack(0x0000000016570000,0x0000000016670000)]
=>0x0000000014e2a000 JavaThread "C2 CompilerThread0" daemon [_thread_in_native, id=11208, stack(0x0000000016470000,0x0000000016570000)]
  0x0000000014e28800 JavaThread "Attach Listener" daemon [_thread_blocked, id=10932, stack(0x0000000016370000,0x0000000016470000)]
  0x0000000014e27000 JavaThread "Signal Dispatcher" daemon [_thread_blocked, id=7636, stack(0x0000000016270000,0x0000000016370000)]
  0x0000000002755000 JavaThread "Finalizer" daemon [_thread_blocked, id=8164, stack(0x0000000016090000,0x0000000016190000)]
  0x000000000274f000 JavaThread "Reference Handler" daemon [_thread_blocked, id=1932, stack(0x0000000015f90000,0x0000000016090000)]
  0x0000000002660800 JavaThread "main" [_thread_in_Java, id=3176, stack(0x0000000002560000,0x0000000002660000)]

Other Threads:
  0x0000000014df5800 VMThread [stack: 0x0000000015e90000,0x0000000015f90000] [id=11460]
  0x0000000016774000 WatcherThread [stack: 0x0000000016c70000,0x0000000016d70000] [id=7500]

VM state:not at safepoint (normal execution)

VM Mutex/Monitor currently owned by a thread: None

Heap:
 PSYoungGen      total 70656K, used 23034K [0x00000000eab00000, 0x00000000ef500000, 0x0000000100000000)
  eden space 65536K, 27% used [0x00000000eab00000,0x00000000ebc841d8,0x00000000eeb00000)
  from space 5120K, 99% used [0x00000000ef000000,0x00000000ef4fa720,0x00000000ef500000)
  to   space 5120K, 0% used [0x00000000eeb00000,0x00000000eeb00000,0x00000000ef000000)
 ParOldGen       total 86016K, used 5530K [0x00000000c0000000, 0x00000000c5400000, 0x00000000eab00000)
  object space 86016K, 6% used [0x00000000c0000000,0x00000000c0566bb0,0x00000000c5400000)
 Metaspace       used 6130K, capacity 7088K, committed 7296K, reserved 1056768K
  class space    used 577K, capacity 616K, committed 640K, reserved 1048576K

Card table byte_map: [0x0000000011b20000,0x0000000011d30000] byte_map_base: 0x0000000011520000

Marking Bits: (ParMarkBitMap*) 0x00000000686f9d00
 Begin Bits: [0x0000000012290000, 0x0000000013290000)
 End Bits:   [0x0000000013290000, 0x0000000014290000)

Polling page: 0x0000000000a80000

CodeCache: size=245760Kb used=6332Kb max_used=6332Kb free=239427Kb
 bounds [0x0000000002760000, 0x0000000002da0000, 0x0000000011760000]
 total_blobs=1821 nmethods=1554 adapters=182
 compilation: enabled

Compilation events (10 events):
Event: 4.277 Thread 0x0000000014e8c000 1569       2       sun.util.calendar.CalendarUtils::isGregorianLeapYear (27 bytes)
Event: 4.278 Thread 0x0000000014e8c000 nmethod 1569 0x0000000002d92650 code [0x0000000002d927a0, 0x0000000002d92990]
Event: 4.278 Thread 0x0000000014e8c000 1570       2       com.android.dx.rop.annotation.Annotation::put (32 bytes)
Event: 4.278 Thread 0x0000000014e8c000 nmethod 1570 0x0000000002d92a90 code [0x0000000002d92c20, 0x0000000002d92f28]
Event: 4.325 Thread 0x0000000014e8c000 1571       2       java.util.ArrayList$SubList::get (23 bytes)
Event: 4.326 Thread 0x0000000014e8c000 nmethod 1571 0x0000000002d93110 code [0x0000000002d932a0, 0x0000000002d93588]
Event: 4.337 Thread 0x0000000014e8c000 1572       2       com.android.dx.dex.code.RopTranslator::access$600 (6 bytes)
Event: 4.338 Thread 0x0000000014e8c000 nmethod 1572 0x0000000002d93850 code [0x0000000002d939a0, 0x0000000002d93ae8]
Event: 4.345 Thread 0x0000000014e8c000 1574       2       com.android.dx.cf.code.OneLocalsArray::makeInitialized (55 bytes)
Event: 4.346 Thread 0x0000000014e8c000 nmethod 1574 0x0000000002d93b90 code [0x0000000002d93d20, 0x0000000002d940b8]

GC Heap History (4 events):
Event: 3.368 GC heap before
{Heap before GC invocations=1 (full 0):
 PSYoungGen      total 37888K, used 32768K [0x00000000eab00000, 0x00000000ed500000, 0x0000000100000000)
  eden space 32768K, 100% used [0x00000000eab00000,0x00000000ecb00000,0x00000000ecb00000)
  from space 5120K, 0% used [0x00000000ed000000,0x00000000ed000000,0x00000000ed500000)
  to   space 5120K, 0% used [0x00000000ecb00000,0x00000000ecb00000,0x00000000ed000000)
 ParOldGen       total 86016K, used 0K [0x00000000c0000000, 0x00000000c5400000, 0x00000000eab00000)
  object space 86016K, 0% used [0x00000000c0000000,0x00000000c0000000,0x00000000c5400000)
 Metaspace       used 5953K, capacity 6960K, committed 7040K, reserved 1056768K
  class space    used 576K, capacity 616K, committed 640K, reserved 1048576K
Event: 3.430 GC heap after
Heap after GC invocations=1 (full 0):
 PSYoungGen      total 37888K, used 5098K [0x00000000eab00000, 0x00000000ef500000, 0x0000000100000000)
  eden space 32768K, 0% used [0x00000000eab00000,0x00000000eab00000,0x00000000ecb00000)
  from space 5120K, 99% used [0x00000000ecb00000,0x00000000ecffaab8,0x00000000ed000000)
  to   space 5120K, 0% used [0x00000000ef000000,0x00000000ef000000,0x00000000ef500000)
 ParOldGen       total 86016K, used 1095K [0x00000000c0000000, 0x00000000c5400000, 0x00000000eab00000)
  object space 86016K, 1% used [0x00000000c0000000,0x00000000c0111f70,0x00000000c5400000)
 Metaspace       used 5953K, capacity 6960K, committed 7040K, reserved 1056768K
  class space    used 576K, capacity 616K, committed 640K, reserved 1048576K
}
Event: 4.151 GC heap before
{Heap before GC invocations=2 (full 0):
 PSYoungGen      total 37888K, used 37866K [0x00000000eab00000, 0x00000000ef500000, 0x0000000100000000)
  eden space 32768K, 100% used [0x00000000eab00000,0x00000000ecb00000,0x00000000ecb00000)
  from space 5120K, 99% used [0x00000000ecb00000,0x00000000ecffaab8,0x00000000ed000000)
  to   space 5120K, 0% used [0x00000000ef000000,0x00000000ef000000,0x00000000ef500000)
 ParOldGen       total 86016K, used 1095K [0x00000000c0000000, 0x00000000c5400000, 0x00000000eab00000)
  object space 86016K, 1% used [0x00000000c0000000,0x00000000c0111f70,0x00000000c5400000)
 Metaspace       used 6105K, capacity 7088K, committed 7296K, reserved 1056768K
  class space    used 577K, capacity 616K, committed 640K, reserved 1048576K
Event: 4.183 GC heap after
Heap after GC invocations=2 (full 0):
 PSYoungGen      total 70656K, used 5097K [0x00000000eab00000, 0x00000000ef500000, 0x0000000100000000)
  eden space 65536K, 0% used [0x00000000eab00000,0x00000000eab00000,0x00000000eeb00000)
  from space 5120K, 99% used [0x00000000ef000000,0x00000000ef4fa720,0x00000000ef500000)
  to   space 5120K, 0% used [0x00000000eeb00000,0x00000000eeb00000,0x00000000ef000000)
 ParOldGen       total 86016K, used 5530K [0x00000000c0000000, 0x00000000c5400000, 0x00000000eab00000)
  object space 86016K, 6% used [0x00000000c0000000,0x00000000c0566bb0,0x00000000c5400000)
 Metaspace       used 6105K, capacity 7088K, committed 7296K, reserved 1056768K
  class space    used 577K, capacity 616K, committed 640K, reserved 1048576K
}

Deoptimization events (10 events):
Event: 3.808 Thread 0x0000000016a78800 Uncommon trap: reason=unstable_if action=reinterpret pc=0x0000000002cf0960 method=com.android.dx.rop.code.RegisterSpec.equals(ILcom/android/dx/rop/type/TypeBearer;Lcom/android/dx/rop/code/LocalItem;)Z @ 42
Event: 3.910 Thread 0x0000000016ac1000 Uncommon trap: reason=unstable_if action=reinterpret pc=0x0000000002bc9638 method=com.android.dx.cf.code.Ropper.labelToResultIndex(I)I @ 34
Event: 3.913 Thread 0x0000000016ac1000 Uncommon trap: reason=unstable_if action=reinterpret pc=0x0000000002ce6e9c method=com.android.dx.util.LabeledList.set(ILcom/android/dx/util/LabeledItem;)V @ 16
Event: 3.935 Thread 0x0000000016ac1000 Uncommon trap: reason=bimorphic action=maybe_recompile pc=0x0000000002c8f0a4 method=java.util.HashMap.getNode(ILjava/lang/Object;)Ljava/util/HashMap$Node; @ 126
Event: 3.935 Thread 0x0000000016ac1000 Uncommon trap: reason=bimorphic action=maybe_recompile pc=0x0000000002c8f0a4 method=java.util.HashMap.getNode(ILjava/lang/Object;)Ljava/util/HashMap$Node; @ 126
Event: 3.977 Thread 0x0000000002660800 Uncommon trap: reason=unstable_if action=reinterpret pc=0x0000000002c968e8 method=com.android.dx.ssa.SCCP.simulateStmt(Lcom/android/dx/ssa/SsaInsn;)V @ 53
Event: 3.978 Thread 0x0000000002660800 Uncommon trap: reason=bimorphic action=maybe_recompile pc=0x0000000002c8f0a4 method=java.util.HashMap.getNode(ILjava/lang/Object;)Ljava/util/HashMap$Node; @ 126
Event: 4.119 Thread 0x0000000016ac1000 Uncommon trap: reason=class_check action=maybe_recompile pc=0x0000000002d6a604 method=java.util.HashMap.putVal(ILjava/lang/Object;Ljava/lang/Object;ZZ)Ljava/lang/Object; @ 203
Event: 4.119 Thread 0x0000000016ac1000 Uncommon trap: reason=class_check action=maybe_recompile pc=0x0000000002d6a604 method=java.util.HashMap.putVal(ILjava/lang/Object;Ljava/lang/Object;ZZ)Ljava/lang/Object; @ 203
Event: 4.119 Thread 0x0000000016ac1000 Uncommon trap: reason=class_check action=maybe_recompile pc=0x0000000002d6a604 method=java.util.HashMap.putVal(ILjava/lang/Object;Ljava/lang/Object;ZZ)Ljava/lang/Object; @ 203

Internal exceptions (4 events):
Event: 0.113 Thread 0x0000000002660800 Exception <a 'java/lang/NoSuchMethodError': Method sun.misc.Unsafe.defineClass(Ljava/lang/String;[BII)Ljava/lang/Class; name or signature does not match> (0x00000000eab07cc0) thrown at [C:\src\android\AOSP-openjdk\external\jetbrains\jdk\hotspot\src\share\v99ÎN Ω?
Event: 0.113 Thread 0x0000000002660800 Exception <a 'java/lang/NoSuchMethodError': Method sun.misc.Unsafe.prefetchRead(Ljava/lang/Object;J)V name or signature does not match> (0x00000000eab07fa8) thrown at [C:\src\android\AOSP-openjdk\external\jetbrains\jdk\hotspot\src\share\vm\prims\jni.cpp, l;m,.±@
Event: 3.462 Thread 0x0000000016ac1000 Implicit null exception at 0x0000000002bf7de2 to 0x0000000002bf7ed2
Event: 3.559 Thread 0x0000000016aab000 Implicit null exception at 0x0000000002ab85cb to 0x0000000002abb429

Events (10 events):
Event: 4.119 Thread 0x0000000016ac1000 DEOPT PACKING pc=0x0000000002d6a604 sp=0x000000001726e2f0
Event: 4.119 Thread 0x0000000016ac1000 DEOPT UNPACKING pc=0x00000000027a556a sp=0x000000001726e278 mode 2
Event: 4.119 Thread 0x0000000016ac1000 Uncommon trap: trap_request=0xffffffde fr.pc=0x0000000002d6a604
Event: 4.119 Thread 0x0000000016ac1000 DEOPT PACKING pc=0x0000000002d6a604 sp=0x000000001726e2f0
Event: 4.119 Thread 0x0000000016ac1000 DEOPT UNPACKING pc=0x00000000027a556a sp=0x000000001726e278 mode 2
Event: 4.119 Thread 0x0000000016ac1000 Uncommon trap: trap_request=0xffffffde fr.pc=0x0000000002d6a604
Event: 4.119 Thread 0x0000000016ac1000 DEOPT PACKING pc=0x0000000002d6a604 sp=0x000000001726e2f0
Event: 4.119 Thread 0x0000000016ac1000 DEOPT UNPACKING pc=0x00000000027a556a sp=0x000000001726e278 mode 2
Event: 4.139 Executing VM operation: ParallelGCFailedAllocation
Event: 4.183 Executing VM operation: ParallelGCFailedAllocation done


Dynamic libraries:
0x00007ff7e4500000 - 0x00007ff7e4531000 	C:\Program Files\Android\Android Studio\jre\bin\java.exe
0x00007ff80f960000 - 0x00007ff80fb21000 	C:\Windows\SYSTEM32\ntdll.dll
0x00007ff80f8b0000 - 0x00007ff80f95d000 	C:\Windows\system32\KERNEL32.DLL
0x00007ff80c1f0000 - 0x00007ff80c3d8000 	C:\Windows\system32\KERNELBASE.dll
0x00007ff80f800000 - 0x00007ff80f8a7000 	C:\Windows\system32\ADVAPI32.dll
0x00007ff80d380000 - 0x00007ff80d41d000 	C:\Windows\system32\msvcrt.dll
0x00007ff80f170000 - 0x00007ff80f1cb000 	C:\Windows\system32\sechost.dll
0x00007ff80ced0000 - 0x00007ff80cfec000 	C:\Windows\system32\RPCRT4.dll
0x00007ff80d700000 - 0x00007ff80d856000 	C:\Windows\system32\USER32.dll
0x00007ff80f1d0000 - 0x00007ff80f356000 	C:\Windows\system32\GDI32.dll
0x00007ffffc5c0000 - 0x00007ffffc834000 	C:\Windows\WinSxS\amd64_microsoft.windows.common-controls_6595b64144ccf1df_6.0.10586.672_none_a2d6b3cea53ff843\COMCTL32.dll
0x00007ff80d100000 - 0x00007ff80d37d000 	C:\Windows\system32\combase.dll
0x00007ff80c010000 - 0x00007ff80c07a000 	C:\Windows\system32\bcryptPrimitives.dll
0x00007ff80d860000 - 0x00007ff80d89b000 	C:\Windows\system32\IMM32.DLL
0x0000000067bd0000 - 0x0000000067ca2000 	C:\Program Files\Android\Android Studio\jre\jre\bin\msvcr100.dll
0x0000000067f40000 - 0x0000000068774000 	C:\Program Files\Android\Android Studio\jre\jre\bin\server\jvm.dll
0x00007ff80f360000 - 0x00007ff80f368000 	C:\Windows\system32\PSAPI.DLL
0x00007ffff3f80000 - 0x00007ffff3f89000 	C:\Windows\SYSTEM32\WSOCK32.dll
0x00007ff80eed0000 - 0x00007ff80ef3b000 	C:\Windows\system32\WS2_32.dll
0x00007ff80a680000 - 0x00007ff80a6a3000 	C:\Windows\SYSTEM32\WINMM.dll
0x00007ff802d10000 - 0x00007ff802d1a000 	C:\Windows\SYSTEM32\VERSION.dll
0x00007ff80a650000 - 0x00007ff80a67c000 	C:\Windows\SYSTEM32\WINMMBASE.dll
0x00007ff80ccf0000 - 0x00007ff80cd33000 	C:\Windows\system32\cfgmgr32.dll
0x00007ff8084f0000 - 0x00007ff8084ff000 	C:\Program Files\Android\Android Studio\jre\jre\bin\verify.dll
0x00007ff8084c0000 - 0x00007ff8084e9000 	C:\Program Files\Android\Android Studio\jre\jre\bin\java.dll
0x00007ff807130000 - 0x00007ff807146000 	C:\Program Files\Android\Android Studio\jre\jre\bin\zip.dll
0x00007ff80d8a0000 - 0x00007ff80edfc000 	C:\Windows\system32\SHELL32.dll
0x00007ff80c640000 - 0x00007ff80cc85000 	C:\Windows\system32\windows.storage.dll
0x00007ff80d420000 - 0x00007ff80d472000 	C:\Windows\system32\shlwapi.dll
0x00007ff80bf80000 - 0x00007ff80bf8f000 	C:\Windows\system32\kernel.appcore.dll
0x00007ff80c130000 - 0x00007ff80c1e5000 	C:\Windows\system32\shcore.dll
0x00007ff80bfc0000 - 0x00007ff80c00b000 	C:\Windows\system32\powrprof.dll
0x00007ff80bf90000 - 0x00007ff80bfa4000 	C:\Windows\system32\profapi.dll

VM Arguments:
jvm_args: -Djava.awt.headless=true -Xmx1024M -Dfile.encoding=windows-1252 -Duser.country=US -Duser.language=en -Duser.variant 
java_command: com.android.dx.command.Main --dex --force-jumbo --num-threads=4 --multi-dex --output C:\StudioProjects\Count2\app\build\intermediates\transforms\dex\debug\folders\1000\10\com.android.support-design-23.2.1_04eb4fef19cb930fc7e546e26055562feefefdfd C:\StudioProjects\Count2\app\build\intermediates\exploded-aar\com.android.support\design\23.2.1\jars\classes.jar
java_class_path (initial): C:\Users\thedr\AppData\Local\Android\sdk\build-tools\23.0.3\lib\dx.jar
Launcher Type: SUN_STANDARD

Environment Variables:
PATH=C:\ProgramData\Oracle\Java\javapath;C:\Windows\system32;C:\Windows;C:\Windows\System32\Wbem;C:\Windows\System32\WindowsPowerShell\v1.0\;C:\Program Files (x86)\Skype\Phone\;C:\Program Files\Sublime Text 3;C:/Program Files/Git/Applications/Sublime Text.app/Contents/SharedSupport/bin/subl;C:\Program Files\Git\bin;C:\Program Files (x86)\Windows Live\Shared;C:\cygwin64\bin;C:\Program Files\MiKTeX 2.9\miktex\bin\x64\
USERNAME=thedr
OS=Windows_NT
PROCESSOR_IDENTIFIER=Intel64 Family 6 Model 37 Stepping 5, GenuineIntel



---------------  S Y S T E M  ---------------

OS: Windows 10.0 , 64 bit Build 10586 (10.0.10586.589)

CPU:total 4 (2 cores per cpu, 2 threads per core) family 6 model 37 stepping 5, cmov, cx8, fxsr, mmx, sse, sse2, sse3, ssse3, sse4.1, sse4.2, popcnt, ht, tsc, tscinvbit

Memory: 4k page, physical 8181604k(1335920k free), swap 10239580k(5680k free)

vm_info: OpenJDK 64-Bit Server VM (25.76-b03) for windows-amd64 JRE (1.8.0_76-release-b03), built on Jun 29 2016 19:09:20 by "ralucas" with MS VC++ 10.0 (VS2010)

time: Wed Mar 08 01:41:03 2017
elapsed time: 4 seconds (0d 0h 0m 4s)

