#
# There is insufficient memory for the Java Runtime Environment to continue.
# Native memory allocation (malloc) failed to allocate 166224 bytes for Chunk::new
# Possible reasons:
#   The system is out of physical RAM or swap space
#   In 32 bit mode, the process size limit was hit
# Possible solutions:
#   Reduce memory load on the system
#   Increase physical memory or swap space
#   Check if swap backing store is full
#   Use 64 bit Java on a 64 bit OS
#   Decrease Java heap size (-Xmx/-Xms)
#   Decrease number of Java threads
#   Decrease Java thread stack sizes (-Xss)
#   Set larger code cache with -XX:ReservedCodeCacheSize=
# This output file may be truncated or incomplete.
#
#  Out of Memory Error (allocation.cpp:390), pid=8452, tid=0x0000000000003230
#
# JRE version: OpenJDK Runtime Environment (8.0_76-b03) (build 1.8.0_76-release-b03)
# Java VM: OpenJDK 64-Bit Server VM (25.76-b03 mixed mode windows-amd64 compressed oops)
# Failed to write core dump. Minidumps are not enabled by default on client versions of Windows
#

---------------  T H R E A D  ---------------

Current thread (0x0000000014eca000):  JavaThread "C2 CompilerThread0" daemon [_thread_in_native, id=12848, stack(0x0000000016430000,0x0000000016530000)]

Stack: [0x0000000016430000,0x0000000016530000]
[error occurred during error reporting (printing stack bounds), id 0xc0000005]

Native frames: (J=compiled Java code, j=interpreted, Vv=VM code, C=native code)


Current CompileTask:
C2:   8471 1910  s    4       com.android.dx.dex.file.MethodIdsSection::intern (55 bytes)


---------------  P R O C E S S  ---------------

Java Threads: ( => current thread )
  0x0000000016985800 JavaThread "pool-1-thread-1" [_thread_in_Java, id=12924, stack(0x000000001a9a0000,0x000000001aaa0000)]
  0x0000000016732000 JavaThread "Service Thread" daemon [_thread_blocked, id=12868, stack(0x0000000016b30000,0x0000000016c30000)]
  0x0000000014f2c000 JavaThread "C1 CompilerThread2" daemon [_thread_blocked, id=12860, stack(0x0000000016630000,0x0000000016730000)]
  0x0000000014ecd000 JavaThread "C2 CompilerThread1" daemon [_thread_in_native, id=12852, stack(0x0000000016530000,0x0000000016630000)]
=>0x0000000014eca000 JavaThread "C2 CompilerThread0" daemon [_thread_in_native, id=12848, stack(0x0000000016430000,0x0000000016530000)]
  0x0000000014ec8800 JavaThread "Attach Listener" daemon [_thread_blocked, id=12808, stack(0x0000000016330000,0x0000000016430000)]
  0x0000000014ec7800 JavaThread "Signal Dispatcher" daemon [_thread_blocked, id=12800, stack(0x0000000016230000,0x0000000016330000)]
  0x00000000027f5000 JavaThread "Finalizer" daemon [_thread_blocked, id=2324, stack(0x0000000016130000,0x0000000016230000)]
  0x00000000027ef000 JavaThread "Reference Handler" daemon [_thread_blocked, id=12792, stack(0x0000000016030000,0x0000000016130000)]
  0x0000000002700800 JavaThread "main" [_thread_blocked, id=11280, stack(0x0000000002410000,0x0000000002510000)]

Other Threads:
  0x0000000014e95800 VMThread [stack: 0x0000000015f30000,0x0000000016030000] [id=12948]
  0x0000000016734000 WatcherThread [stack: 0x0000000016c30000,0x0000000016d30000] [id=12884]

VM state:not at safepoint (normal execution)

VM Mutex/Monitor currently owned by a thread: None

Heap:
 PSYoungGen      total 70656K, used 18649K [0x00000000eab00000, 0x00000000ef500000, 0x0000000100000000)
  eden space 65536K, 20% used [0x00000000eab00000,0x00000000eb8371a0,0x00000000eeb00000)
  from space 5120K, 99% used [0x00000000eeb00000,0x00000000eefff620,0x00000000ef000000)
  to   space 5120K, 0% used [0x00000000ef000000,0x00000000ef000000,0x00000000ef500000)
 ParOldGen       total 86016K, used 15311K [0x00000000c0000000, 0x00000000c5400000, 0x00000000eab00000)
  object space 86016K, 17% used [0x00000000c0000000,0x00000000c0ef3e08,0x00000000c5400000)
 Metaspace       used 6293K, capacity 7152K, committed 7296K, reserved 1056768K
  class space    used 583K, capacity 616K, committed 640K, reserved 1048576K

Card table byte_map: [0x0000000011bc0000,0x0000000011dd0000] byte_map_base: 0x00000000115c0000

Marking Bits: (ParMarkBitMap*) 0x00000000686f9d00
 Begin Bits: [0x0000000012330000, 0x0000000013330000)
 End Bits:   [0x0000000013330000, 0x0000000014330000)

Polling page: 0x0000000002310000

CodeCache: size=245760Kb used=8140Kb max_used=8140Kb free=237619Kb
 bounds [0x0000000002800000, 0x0000000003000000, 0x0000000011800000]
 total_blobs=2125 nmethods=1857 adapters=182
 compilation: enabled

Compilation events (10 events):
Event: 8.430 Thread 0x0000000014f2c000 1920       1       com.android.dx.dex.code.LocalStart::getLocal (5 bytes)
Event: 8.430 Thread 0x0000000014f2c000 nmethod 1920 0x0000000002fe33d0 code [0x0000000002fe3520, 0x0000000002fe3630]
Event: 8.430 Thread 0x0000000014f2c000 1922       1       com.android.dx.rop.code.LocalItem::getSignature (5 bytes)
Event: 8.430 Thread 0x0000000014f2c000 nmethod 1922 0x0000000002fe3bd0 code [0x0000000002fe3d20, 0x0000000002fe3e30]
Event: 8.430 Thread 0x0000000014f2c000 1919       3       com.android.dx.dex.file.AnnotationSetItem::itemType (4 bytes)
Event: 8.430 Thread 0x0000000014f2c000 nmethod 1919 0x0000000002fe95d0 code [0x0000000002fe9720, 0x0000000002fe9870]
Event: 8.434 Thread 0x0000000014f2c000 1931       1       com.android.dx.dex.code.OutputFinisher::hasAnyPositionInfo (5 bytes)
Event: 8.434 Thread 0x0000000014f2c000 nmethod 1931 0x0000000002fe9310 code [0x0000000002fe9460, 0x0000000002fe9570]
Event: 8.434 Thread 0x0000000014f2c000 1932       3       com.android.dx.dex.code.OutputFinisher::getAllConstants (47 bytes)
Event: 8.435 Thread 0x0000000014f2c000 nmethod 1932 0x0000000002ff7d10 code [0x0000000002ff7f40, 0x0000000002ff88a8]

GC Heap History (6 events):
Event: 2.110 GC heap before
{Heap before GC invocations=1 (full 0):
 PSYoungGen      total 37888K, used 32768K [0x00000000eab00000, 0x00000000ed500000, 0x0000000100000000)
  eden space 32768K, 100% used [0x00000000eab00000,0x00000000ecb00000,0x00000000ecb00000)
  from space 5120K, 0% used [0x00000000ed000000,0x00000000ed000000,0x00000000ed500000)
  to   space 5120K, 0% used [0x00000000ecb00000,0x00000000ecb00000,0x00000000ed000000)
 ParOldGen       total 86016K, used 0K [0x00000000c0000000, 0x00000000c5400000, 0x00000000eab00000)
  object space 86016K, 0% used [0x00000000c0000000,0x00000000c0000000,0x00000000c5400000)
 Metaspace       used 5966K, capacity 6960K, committed 7040K, reserved 1056768K
  class space    used 576K, capacity 616K, committed 640K, reserved 1048576K
Event: 2.159 GC heap after
Heap after GC invocations=1 (full 0):
 PSYoungGen      total 37888K, used 5112K [0x00000000eab00000, 0x00000000ef500000, 0x0000000100000000)
  eden space 32768K, 0% used [0x00000000eab00000,0x00000000eab00000,0x00000000ecb00000)
  from space 5120K, 99% used [0x00000000ecb00000,0x00000000ecffe0c8,0x00000000ed000000)
  to   space 5120K, 0% used [0x00000000ef000000,0x00000000ef000000,0x00000000ef500000)
 ParOldGen       total 86016K, used 1292K [0x00000000c0000000, 0x00000000c5400000, 0x00000000eab00000)
  object space 86016K, 1% used [0x00000000c0000000,0x00000000c01432c0,0x00000000c5400000)
 Metaspace       used 5966K, capacity 6960K, committed 7040K, reserved 1056768K
  class space    used 576K, capacity 616K, committed 640K, reserved 1048576K
}
Event: 3.204 GC heap before
{Heap before GC invocations=2 (full 0):
 PSYoungGen      total 37888K, used 37880K [0x00000000eab00000, 0x00000000ef500000, 0x0000000100000000)
  eden space 32768K, 100% used [0x00000000eab00000,0x00000000ecb00000,0x00000000ecb00000)
  from space 5120K, 99% used [0x00000000ecb00000,0x00000000ecffe0c8,0x00000000ed000000)
  to   space 5120K, 0% used [0x00000000ef000000,0x00000000ef000000,0x00000000ef500000)
 ParOldGen       total 86016K, used 1292K [0x00000000c0000000, 0x00000000c5400000, 0x00000000eab00000)
  object space 86016K, 1% used [0x00000000c0000000,0x00000000c01432c0,0x00000000c5400000)
 Metaspace       used 6142K, capacity 7088K, committed 7296K, reserved 1056768K
  class space    used 577K, capacity 616K, committed 640K, reserved 1048576K
Event: 3.426 GC heap after
Heap after GC invocations=2 (full 0):
 PSYoungGen      total 70656K, used 5097K [0x00000000eab00000, 0x00000000ef500000, 0x0000000100000000)
  eden space 65536K, 0% used [0x00000000eab00000,0x00000000eab00000,0x00000000eeb00000)
  from space 5120K, 99% used [0x00000000ef000000,0x00000000ef4fa708,0x00000000ef500000)
  to   space 5120K, 0% used [0x00000000eeb00000,0x00000000eeb00000,0x00000000ef000000)
 ParOldGen       total 86016K, used 5788K [0x00000000c0000000, 0x00000000c5400000, 0x00000000eab00000)
  object space 86016K, 6% used [0x00000000c0000000,0x00000000c05a7388,0x00000000c5400000)
 Metaspace       used 6142K, capacity 7088K, committed 7296K, reserved 1056768K
  class space    used 577K, capacity 616K, committed 640K, reserved 1048576K
}
Event: 7.246 GC heap before
{Heap before GC invocations=3 (full 0):
 PSYoungGen      total 70656K, used 70633K [0x00000000eab00000, 0x00000000ef500000, 0x0000000100000000)
  eden space 65536K, 100% used [0x00000000eab00000,0x00000000eeb00000,0x00000000eeb00000)
  from space 5120K, 99% used [0x00000000ef000000,0x00000000ef4fa708,0x00000000ef500000)
  to   space 5120K, 0% used [0x00000000eeb00000,0x00000000eeb00000,0x00000000ef000000)
 ParOldGen       total 86016K, used 5788K [0x00000000c0000000, 0x00000000c5400000, 0x00000000eab00000)
  object space 86016K, 6% used [0x00000000c0000000,0x00000000c05a7388,0x00000000c5400000)
 Metaspace       used 6223K, capacity 7152K, committed 7296K, reserved 1056768K
  class space    used 578K, capacity 616K, committed 640K, reserved 1048576K
Event: 7.419 GC heap after
Heap after GC invocations=3 (full 0):
 PSYoungGen      total 70656K, used 5117K [0x00000000eab00000, 0x00000000ef500000, 0x0000000100000000)
  eden space 65536K, 0% used [0x00000000eab00000,0x00000000eab00000,0x00000000eeb00000)
  from space 5120K, 99% used [0x00000000eeb00000,0x00000000eefff620,0x00000000ef000000)
  to   space 5120K, 0% used [0x00000000ef000000,0x00000000ef000000,0x00000000ef500000)
 ParOldGen       total 86016K, used 15311K [0x00000000c0000000, 0x00000000c5400000, 0x00000000eab00000)
  object space 86016K, 17% used [0x00000000c0000000,0x00000000c0ef3e08,0x00000000c5400000)
 Metaspace       used 6223K, capacity 7152K, committed 7296K, reserved 1056768K
  class space    used 578K, capacity 616K, committed 640K, reserved 1048576K
}

Deoptimization events (10 events):
Event: 5.563 Thread 0x0000000002700800 Uncommon trap: reason=uninitialized action=reinterpret pc=0x0000000002effcc4 method=com.android.dx.cf.code.BytecodeArray.parseInstruction(ILcom/android/dx/cf/code/BytecodeArray$Visitor;)I @ 1095
Event: 5.578 Thread 0x0000000002700800 Uncommon trap: reason=bimorphic action=maybe_recompile pc=0x0000000002e7ddb8 method=java.util.HashMap.putVal(ILjava/lang/Object;Ljava/lang/Object;ZZ)Ljava/lang/Object; @ 203
Event: 6.936 Thread 0x0000000016985800 Uncommon trap: reason=unstable_if action=reinterpret pc=0x0000000002eee394 method=com.android.dx.rop.code.LocalItem.compareHandlesNulls(Lcom/android/dx/rop/cst/CstString;Lcom/android/dx/rop/cst/CstString;)I @ 14
Event: 6.937 Thread 0x0000000016985800 Uncommon trap: reason=unstable_if action=reinterpret pc=0x0000000002e3a384 method=com.android.dx.rop.code.LocalItem.compareHandlesNulls(Lcom/android/dx/rop/cst/CstString;Lcom/android/dx/rop/cst/CstString;)I @ 14
Event: 6.937 Thread 0x0000000016985800 Uncommon trap: reason=unstable_if action=reinterpret pc=0x0000000002f446dc method=com.android.dx.rop.code.LocalItem.compareHandlesNulls(Lcom/android/dx/rop/cst/CstString;Lcom/android/dx/rop/cst/CstString;)I @ 14
Event: 8.391 Thread 0x0000000016985800 Uncommon trap: reason=class_check action=maybe_recompile pc=0x0000000002c4f4c8 method=java.util.Arrays.hashCode([Ljava/lang/Object;)I @ 43
Event: 8.391 Thread 0x0000000016985800 Uncommon trap: reason=class_check action=maybe_recompile pc=0x0000000002c4f4c8 method=java.util.Arrays.hashCode([Ljava/lang/Object;)I @ 43
Event: 8.392 Thread 0x0000000016985800 Uncommon trap: reason=class_check action=maybe_recompile pc=0x0000000002c4f4c8 method=java.util.Arrays.hashCode([Ljava/lang/Object;)I @ 43
Event: 8.392 Thread 0x0000000016985800 Uncommon trap: reason=class_check action=maybe_recompile pc=0x0000000002c4f4c8 method=java.util.Arrays.hashCode([Ljava/lang/Object;)I @ 43
Event: 8.392 Thread 0x0000000016985800 Uncommon trap: reason=class_check action=maybe_recompile pc=0x0000000002c4fab4 method=java.util.Arrays.hashCode([Ljava/lang/Object;)I @ 43

Internal exceptions (7 events):
Event: 0.118 Thread 0x0000000002700800 Exception <a 'java/lang/NoSuchMethodError': Method sun.misc.Unsafe.defineClass(Ljava/lang/String;[BII)Ljava/lang/Class; name or signature does not match> (0x00000000eab07cc0) thrown at [C:\src\android\AOSP-openjdk\external\jetbrains\jdk\hotspot\src\share\v]lÒ@¾?
Event: 0.118 Thread 0x0000000002700800 Exception <a 'java/lang/NoSuchMethodError': Method sun.misc.Unsafe.prefetchRead(Ljava/lang/Object;J)V name or signature does not match> (0x00000000eab07fa8) thrown at [C:\src\android\AOSP-openjdk\external\jetbrains\jdk\hotspot\src\share\vm\prims\jni.cpp, lËÏWÑ!ÿý?
Event: 1.875 Thread 0x0000000016981800 Implicit null exception at 0x0000000002c4cae2 to 0x0000000002c4cbd2
Event: 2.366 Thread 0x0000000016985800 Implicit null exception at 0x0000000002b0b265 to 0x0000000002b0d67d
Event: 6.936 Thread 0x0000000016985800 Implicit null exception at 0x0000000002eec40a to 0x0000000002eee32d
Event: 6.937 Thread 0x0000000016985800 Implicit null exception at 0x0000000002e38d6f to 0x0000000002e3a355
Event: 6.937 Thread 0x0000000016985800 Implicit null exception at 0x0000000002f42aff to 0x0000000002f44675

Events (10 events):
Event: 8.392 Thread 0x0000000016985800 DEOPT PACKING pc=0x0000000002c4f4c8 sp=0x000000001aa9ed50
Event: 8.392 Thread 0x0000000016985800 DEOPT UNPACKING pc=0x000000000284556a sp=0x000000001aa9ec80 mode 2
Event: 8.392 Thread 0x0000000016985800 Uncommon trap: trap_request=0xffffffde fr.pc=0x0000000002c4f4c8
Event: 8.392 Thread 0x0000000016985800 DEOPT PACKING pc=0x0000000002c4f4c8 sp=0x000000001aa9ecf0
Event: 8.392 Thread 0x0000000016985800 DEOPT UNPACKING pc=0x000000000284556a sp=0x000000001aa9ec20 mode 2
Event: 8.392 Thread 0x0000000016985800 Uncommon trap: trap_request=0xffffffde fr.pc=0x0000000002c4fab4
Event: 8.392 Thread 0x0000000016985800 DEOPT PACKING pc=0x0000000002c4fab4 sp=0x000000001aa9ecf0
Event: 8.392 Thread 0x0000000016985800 DEOPT UNPACKING pc=0x000000000284556a sp=0x000000001aa9ec78 mode 2
Event: 8.394 loading class com/android/dx/rop/cst/Zeroes
Event: 8.394 loading class com/android/dx/rop/cst/Zeroes done


Dynamic libraries:
0x00007ff7e4500000 - 0x00007ff7e4531000 	C:\Program Files\Android\Android Studio\jre\bin\java.exe
0x00007ff80f960000 - 0x00007ff80fb21000 	C:\Windows\SYSTEM32\ntdll.dll
0x00007ff80f8b0000 - 0x00007ff80f95d000 	C:\Windows\system32\KERNEL32.DLL
0x00007ff80c1f0000 - 0x00007ff80c3d8000 	C:\Windows\system32\KERNELBASE.dll
0x00007ff80f800000 - 0x00007ff80f8a7000 	C:\Windows\system32\ADVAPI32.dll
0x00007ff80d380000 - 0x00007ff80d41d000 	C:\Windows\system32\msvcrt.dll
0x00007ff80f170000 - 0x00007ff80f1cb000 	C:\Windows\system32\sechost.dll
0x00007ff80ced0000 - 0x00007ff80cfec000 	C:\Windows\system32\RPCRT4.dll
0x00007ff80d700000 - 0x00007ff80d856000 	C:\Windows\system32\USER32.dll
0x00007ff80f1d0000 - 0x00007ff80f356000 	C:\Windows\system32\GDI32.dll
0x00007ffffc5c0000 - 0x00007ffffc834000 	C:\Windows\WinSxS\amd64_microsoft.windows.common-controls_6595b64144ccf1df_6.0.10586.672_none_a2d6b3cea53ff843\COMCTL32.dll
0x00007ff80d100000 - 0x00007ff80d37d000 	C:\Windows\system32\combase.dll
0x00007ff80c010000 - 0x00007ff80c07a000 	C:\Windows\system32\bcryptPrimitives.dll
0x00007ff80d860000 - 0x00007ff80d89b000 	C:\Windows\system32\IMM32.DLL
0x0000000067bd0000 - 0x0000000067ca2000 	C:\Program Files\Android\Android Studio\jre\jre\bin\msvcr100.dll
0x0000000067f40000 - 0x0000000068774000 	C:\Program Files\Android\Android Studio\jre\jre\bin\server\jvm.dll
0x00007ff80f360000 - 0x00007ff80f368000 	C:\Windows\system32\PSAPI.DLL
0x00007ffff3f80000 - 0x00007ffff3f89000 	C:\Windows\SYSTEM32\WSOCK32.dll
0x00007ff80eed0000 - 0x00007ff80ef3b000 	C:\Windows\system32\WS2_32.dll
0x00007ff80a680000 - 0x00007ff80a6a3000 	C:\Windows\SYSTEM32\WINMM.dll
0x00007ff802d10000 - 0x00007ff802d1a000 	C:\Windows\SYSTEM32\VERSION.dll
0x00007ff80a650000 - 0x00007ff80a67c000 	C:\Windows\SYSTEM32\WINMMBASE.dll
0x00007ff80ccf0000 - 0x00007ff80cd33000 	C:\Windows\system32\cfgmgr32.dll
0x00007ff8084f0000 - 0x00007ff8084ff000 	C:\Program Files\Android\Android Studio\jre\jre\bin\verify.dll
0x00007ff8084c0000 - 0x00007ff8084e9000 	C:\Program Files\Android\Android Studio\jre\jre\bin\java.dll
0x00007ff807130000 - 0x00007ff807146000 	C:\Program Files\Android\Android Studio\jre\jre\bin\zip.dll
0x00007ff80d8a0000 - 0x00007ff80edfc000 	C:\Windows\system32\SHELL32.dll
0x00007ff80c640000 - 0x00007ff80cc85000 	C:\Windows\system32\windows.storage.dll
0x00007ff80d420000 - 0x00007ff80d472000 	C:\Windows\system32\shlwapi.dll
0x00007ff80bf80000 - 0x00007ff80bf8f000 	C:\Windows\system32\kernel.appcore.dll
0x00007ff80c130000 - 0x00007ff80c1e5000 	C:\Windows\system32\shcore.dll
0x00007ff80bfc0000 - 0x00007ff80c00b000 	C:\Windows\system32\powrprof.dll
0x00007ff80bf90000 - 0x00007ff80bfa4000 	C:\Windows\system32\profapi.dll

VM Arguments:
jvm_args: -Djava.awt.headless=true -Xmx1024M -Dfile.encoding=windows-1252 -Duser.country=US -Duser.language=en -Duser.variant 
java_command: com.android.dx.command.Main --dex --force-jumbo --num-threads=4 --multi-dex --output C:\StudioProjects\Count2\app\build\intermediates\transforms\dex\debug\folders\1000\10\com.android.support-design-23.2.1_04eb4fef19cb930fc7e546e26055562feefefdfd C:\StudioProjects\Count2\app\build\intermediates\exploded-aar\com.android.support\design\23.2.1\jars\classes.jar
java_class_path (initial): C:\Users\thedr\AppData\Local\Android\sdk\build-tools\23.0.3\lib\dx.jar
Launcher Type: SUN_STANDARD

Environment Variables:
PATH=C:\ProgramData\Oracle\Java\javapath;C:\Windows\system32;C:\Windows;C:\Windows\System32\Wbem;C:\Windows\System32\WindowsPowerShell\v1.0\;C:\Program Files (x86)\Skype\Phone\;C:\Program Files\Sublime Text 3;C:/Program Files/Git/Applications/Sublime Text.app/Contents/SharedSupport/bin/subl;C:\Program Files\Git\bin;C:\Program Files (x86)\Windows Live\Shared;C:\cygwin64\bin;C:\Program Files\MiKTeX 2.9\miktex\bin\x64\
USERNAME=thedr
OS=Windows_NT
PROCESSOR_IDENTIFIER=Intel64 Family 6 Model 37 Stepping 5, GenuineIntel



---------------  S Y S T E M  ---------------

OS: Windows 10.0 , 64 bit Build 10586 (10.0.10586.589)

CPU:total 4 (2 cores per cpu, 2 threads per core) family 6 model 37 stepping 5, cmov, cx8, fxsr, mmx, sse, sse2, sse3, ssse3, sse4.1, sse4.2, popcnt, ht, tsc, tscinvbit

Memory: 4k page, physical 8181604k(1412644k free), swap 10205120k(5124k free)

vm_info: OpenJDK 64-Bit Server VM (25.76-b03) for windows-amd64 JRE (1.8.0_76-release-b03), built on Jun 29 2016 19:09:20 by "ralucas" with MS VC++ 10.0 (VS2010)

time: Wed Mar 08 01:37:49 2017
elapsed time: 8 seconds (0d 0h 0m 8s)

